<?xml version="1.0" encoding="UTF-8"?>
<testsuite xmlns:xsi="http://www.w3.org/2001/XMLSchema-instance" xsi:noNamespaceSchemaLocation="https://maven.apache.org/surefire/maven-surefire-plugin/xsd/surefire-test-report.xsd" name="org.mockserver.matchers.HttpRequestPropertiesMatcherLogTest" time="0.343" tests="1" errors="0" skipped="0" failures="0">
  <properties>
    <property name="awt.toolkit" value="sun.awt.X11.XToolkit"/>
    <property name="file.encoding.pkg" value="sun.io"/>
    <property name="nondexStart" value="59"/>
    <property name="java.specification.version" value="1.8"/>
    <property name="sun.cpu.isalist" value=""/>
    <property name="sun.jnu.encoding" value="UTF-8"/>
    <property name="java.class.path" value="/home/tongyun2/mockserver/mockserver-core/target/test-classes:/home/tongyun2/mockserver/mockserver-core/target/classes:/home/tongyun2/.m2/repository/org/mock-server/mockserver-testing/5.11.3-SNAPSHOT/mockserver-testing-5.11.3-SNAPSHOT.jar:/home/tongyun2/.m2/repository/com/lmax/disruptor/3.4.2/disruptor-3.4.2.jar:/home/tongyun2/.m2/repository/javax/servlet/javax.servlet-api/4.0.1/javax.servlet-api-4.0.1.jar:/home/tongyun2/.m2/repository/io/netty/netty-buffer/4.1.55.Final/netty-buffer-4.1.55.Final.jar:/home/tongyun2/.m2/repository/io/netty/netty-common/4.1.55.Final/netty-common-4.1.55.Final.jar:/home/tongyun2/.m2/repository/io/netty/netty-codec/4.1.55.Final/netty-codec-4.1.55.Final.jar:/home/tongyun2/.m2/repository/io/netty/netty-codec-http/4.1.55.Final/netty-codec-http-4.1.55.Final.jar:/home/tongyun2/.m2/repository/io/netty/netty-codec-socks/4.1.55.Final/netty-codec-socks-4.1.55.Final.jar:/home/tongyun2/.m2/repository/io/netty/netty-handler/4.1.55.Final/netty-handler-4.1.55.Final.jar:/home/tongyun2/.m2/repository/io/netty/netty-resolver/4.1.55.Final/netty-resolver-4.1.55.Final.jar:/home/tongyun2/.m2/repository/io/netty/netty-handler-proxy/4.1.55.Final/netty-handler-proxy-4.1.55.Final.jar:/home/tongyun2/.m2/repository/io/netty/netty-transport/4.1.55.Final/netty-transport-4.1.55.Final.jar:/home/tongyun2/.m2/repository/com/jcraft/jzlib/1.1.3/jzlib-1.1.3.jar:/home/tongyun2/.m2/repository/com/fasterxml/uuid/java-uuid-generator/4.0.1/java-uuid-generator-4.0.1.jar:/home/tongyun2/.m2/repository/org/bouncycastle/bcprov-jdk15on/1.67/bcprov-jdk15on-1.67.jar:/home/tongyun2/.m2/repository/org/bouncycastle/bcpkix-jdk15on/1.67/bcpkix-jdk15on-1.67.jar:/home/tongyun2/.m2/repository/org/apache/velocity/velocity-engine-scripting/2.2/velocity-engine-scripting-2.2.jar:/home/tongyun2/.m2/repository/org/apache/velocity/velocity-engine-core/2.2/velocity-engine-core-2.2.jar:/home/tongyun2/.m2/repository/com/fasterxml/jackson/core/jackson-core/2.11.3/jackson-core-2.11.3.jar:/home/tongyun2/.m2/repository/com/fasterxml/jackson/core/jackson-annotations/2.11.3/jackson-annotations-2.11.3.jar:/home/tongyun2/.m2/repository/com/fasterxml/jackson/core/jackson-databind/2.11.3/jackson-databind-2.11.3.jar:/home/tongyun2/.m2/repository/net/javacrumbs/json-unit/json-unit-core/2.22.0/json-unit-core-2.22.0.jar:/home/tongyun2/.m2/repository/org/hamcrest/hamcrest-core/2.2/hamcrest-core-2.2.jar:/home/tongyun2/.m2/repository/com/github/java-json-tools/json-schema-validator/2.2.14/json-schema-validator-2.2.14.jar:/home/tongyun2/.m2/repository/com/github/java-json-tools/jackson-coreutils-equivalence/1.0/jackson-coreutils-equivalence-1.0.jar:/home/tongyun2/.m2/repository/com/github/java-json-tools/jackson-coreutils/2.0/jackson-coreutils-2.0.jar:/home/tongyun2/.m2/repository/com/github/java-json-tools/msg-simple/1.2/msg-simple-1.2.jar:/home/tongyun2/.m2/repository/com/github/java-json-tools/btf/1.3/btf-1.3.jar:/home/tongyun2/.m2/repository/com/github/java-json-tools/json-schema-core/1.2.14/json-schema-core-1.2.14.jar:/home/tongyun2/.m2/repository/com/github/java-json-tools/uri-template/0.10/uri-template-0.10.jar:/home/tongyun2/.m2/repository/org/mozilla/rhino/1.7.7.2/rhino-1.7.7.2.jar:/home/tongyun2/.m2/repository/com/sun/mail/mailapi/1.6.2/mailapi-1.6.2.jar:/home/tongyun2/.m2/repository/joda-time/joda-time/2.10.5/joda-time-2.10.5.jar:/home/tongyun2/.m2/repository/com/googlecode/libphonenumber/libphonenumber/8.11.1/libphonenumber-8.11.1.jar:/home/tongyun2/.m2/repository/com/google/code/findbugs/jsr305/3.0.2/jsr305-3.0.2.jar:/home/tongyun2/.m2/repository/net/sf/jopt-simple/jopt-simple/5.0.4/jopt-simple-5.0.4.jar:/home/tongyun2/.m2/repository/com/jayway/jsonpath/json-path/2.4.0/json-path-2.4.0.jar:/home/tongyun2/.m2/repository/net/minidev/json-smart/2.3/json-smart-2.3.jar:/home/tongyun2/.m2/repository/net/minidev/accessors-smart/1.2/accessors-smart-1.2.jar:/home/tongyun2/.m2/repository/org/ow2/asm/asm/5.0.4/asm-5.0.4.jar:/home/tongyun2/.m2/repository/io/swagger/parser/v3/swagger-parser/2.0.23/swagger-parser-2.0.23.jar:/home/tongyun2/.m2/repository/io/swagger/parser/v3/swagger-parser-v2-converter/2.0.23/swagger-parser-v2-converter-2.0.23.jar:/home/tongyun2/.m2/repository/io/swagger/swagger-core/1.6.2/swagger-core-1.6.2.jar:/home/tongyun2/.m2/repository/io/swagger/swagger-models/1.6.2/swagger-models-1.6.2.jar:/home/tongyun2/.m2/repository/io/swagger/swagger-annotations/1.6.2/swagger-annotations-1.6.2.jar:/home/tongyun2/.m2/repository/javax/validation/validation-api/1.1.0.Final/validation-api-1.1.0.Final.jar:/home/tongyun2/.m2/repository/io/swagger/swagger-parser/1.0.52/swagger-parser-1.0.52.jar:/home/tongyun2/.m2/repository/org/slf4j/slf4j-ext/1.7.28/slf4j-ext-1.7.28.jar:/home/tongyun2/.m2/repository/io/swagger/swagger-compat-spec-parser/1.0.52/swagger-compat-spec-parser-1.0.52.jar:/home/tongyun2/.m2/repository/org/apache/httpcomponents/httpclient/4.5.13/httpclient-4.5.13.jar:/home/tongyun2/.m2/repository/org/apache/httpcomponents/httpcore/4.4.13/httpcore-4.4.13.jar:/home/tongyun2/.m2/repository/commons-logging/commons-logging/1.2/commons-logging-1.2.jar:/home/tongyun2/.m2/repository/io/swagger/core/v3/swagger-models/2.1.5/swagger-models-2.1.5.jar:/home/tongyun2/.m2/repository/io/swagger/parser/v3/swagger-parser-core/2.0.23/swagger-parser-core-2.0.23.jar:/home/tongyun2/.m2/repository/io/swagger/parser/v3/swagger-parser-v3/2.0.23/swagger-parser-v3-2.0.23.jar:/home/tongyun2/.m2/repository/io/swagger/core/v3/swagger-core/2.1.5/swagger-core-2.1.5.jar:/home/tongyun2/.m2/repository/jakarta/xml/bind/jakarta.xml.bind-api/2.3.2/jakarta.xml.bind-api-2.3.2.jar:/home/tongyun2/.m2/repository/jakarta/activation/jakarta.activation-api/1.2.1/jakarta.activation-api-1.2.1.jar:/home/tongyun2/.m2/repository/com/fasterxml/jackson/datatype/jackson-datatype-jsr310/2.11.1/jackson-datatype-jsr310-2.11.1.jar:/home/tongyun2/.m2/repository/io/swagger/core/v3/swagger-annotations/2.1.5/swagger-annotations-2.1.5.jar:/home/tongyun2/.m2/repository/jakarta/validation/jakarta.validation-api/2.0.2/jakarta.validation-api-2.0.2.jar:/home/tongyun2/.m2/repository/com/fasterxml/jackson/dataformat/jackson-dataformat-yaml/2.11.1/jackson-dataformat-yaml-2.11.1.jar:/home/tongyun2/.m2/repository/org/yaml/snakeyaml/1.26/snakeyaml-1.26.jar:/home/tongyun2/.m2/repository/javax/xml/bind/jaxb-api/2.4.0-b180830.0359/jaxb-api-2.4.0-b180830.0359.jar:/home/tongyun2/.m2/repository/javax/activation/javax.activation-api/1.2.0/javax.activation-api-1.2.0.jar:/home/tongyun2/.m2/repository/org/xmlunit/xmlunit-core/2.8.1/xmlunit-core-2.8.1.jar:/home/tongyun2/.m2/repository/org/xmlunit/xmlunit-placeholders/2.8.1/xmlunit-placeholders-2.8.1.jar:/home/tongyun2/.m2/repository/org/apache/commons/commons-lang3/3.11/commons-lang3-3.11.jar:/home/tongyun2/.m2/repository/commons-io/commons-io/2.8.0/commons-io-2.8.0.jar:/home/tongyun2/.m2/repository/org/apache/commons/commons-text/1.9/commons-text-1.9.jar:/home/tongyun2/.m2/repository/com/google/guava/guava/30.0-android/guava-30.0-android.jar:/home/tongyun2/.m2/repository/com/google/guava/failureaccess/1.0.1/failureaccess-1.0.1.jar:/home/tongyun2/.m2/repository/com/google/guava/listenablefuture/9999.0-empty-to-avoid-conflict-with-guava/listenablefuture-9999.0-empty-to-avoid-conflict-with-guava.jar:/home/tongyun2/.m2/repository/org/checkerframework/checker-compat-qual/2.5.5/checker-compat-qual-2.5.5.jar:/home/tongyun2/.m2/repository/com/google/errorprone/error_prone_annotations/2.3.4/error_prone_annotations-2.3.4.jar:/home/tongyun2/.m2/repository/com/google/j2objc/j2objc-annotations/1.3/j2objc-annotations-1.3.jar:/home/tongyun2/.m2/repository/org/slf4j/slf4j-api/1.7.30/slf4j-api-1.7.30.jar:/home/tongyun2/.m2/repository/org/slf4j/slf4j-jdk14/1.7.30/slf4j-jdk14-1.7.30.jar:/home/tongyun2/.m2/repository/commons-codec/commons-codec/1.15/commons-codec-1.15.jar:/home/tongyun2/.m2/repository/junit/junit/4.13.1/junit-4.13.1.jar:/home/tongyun2/.m2/repository/org/mockito/mockito-core/3.6.28/mockito-core-3.6.28.jar:/home/tongyun2/.m2/repository/net/bytebuddy/byte-buddy/1.10.18/byte-buddy-1.10.18.jar:/home/tongyun2/.m2/repository/net/bytebuddy/byte-buddy-agent/1.10.18/byte-buddy-agent-1.10.18.jar:/home/tongyun2/.m2/repository/org/objenesis/objenesis/3.1/objenesis-3.1.jar:/home/tongyun2/.m2/repository/org/hamcrest/hamcrest/2.2/hamcrest-2.2.jar:/home/tongyun2/.m2/repository/org/springframework/spring-test/5.3.2/spring-test-5.3.2.jar:/home/tongyun2/.m2/repository/org/springframework/spring-core/5.3.2/spring-core-5.3.2.jar:/home/tongyun2/.m2/repository/org/springframework/spring-jcl/5.3.2/spring-jcl-5.3.2.jar:/home/tongyun2/.m2/repository/org/springframework/spring-web/5.3.2/spring-web-5.3.2.jar:/home/tongyun2/.m2/repository/org/springframework/spring-beans/5.3.2/spring-beans-5.3.2.jar:/home/tongyun2/.m2/repository/org/skyscreamer/jsonassert/1.5.0/jsonassert-1.5.0.jar:/home/tongyun2/.m2/repository/com/vaadin/external/google/android-json/0.0.20131108.vaadin1/android-json-0.0.20131108.vaadin1.jar:"/>
    <property name="java.vm.vendor" value="Private Build"/>
    <property name="nondexPrintstack" value="false"/>
    <property name="sun.arch.data.model" value="64"/>
    <property name="java.vendor.url" value="http://java.oracle.com/"/>
    <property name="user.timezone" value=""/>
    <property name="os.name" value="Linux"/>
    <property name="java.vm.specification.version" value="1.8"/>
    <property name="user.country" value="GB"/>
    <property name="sun.java.launcher" value="SUN_STANDARD"/>
    <property name="sun.boot.library.path" value="/usr/lib/jvm/java-8-openjdk-amd64/jre/lib/amd64"/>
    <property name="nondexLogging" value="CONFIG"/>
    <property name="sun.java.command" value="/home/tongyun2/mockserver/mockserver-core/target/surefire/surefirebooter1795131446405764105.jar /home/tongyun2/mockserver/mockserver-core/target/surefire 2021-09-01T15-59-26_204-jvmRun1 surefire1964072634266424015tmp surefire_32189212098308869295tmp"/>
    <property name="test" value="org.mockserver.matchers.HttpRequestPropertiesMatcherLogTest#doesNotMatchIncorrectKeepAliveWithExpectationAndWithoutFailFast"/>
    <property name="surefire.test.class.path" value="/home/tongyun2/mockserver/mockserver-core/target/test-classes:/home/tongyun2/mockserver/mockserver-core/target/classes:/home/tongyun2/.m2/repository/org/mock-server/mockserver-testing/5.11.3-SNAPSHOT/mockserver-testing-5.11.3-SNAPSHOT.jar:/home/tongyun2/.m2/repository/com/lmax/disruptor/3.4.2/disruptor-3.4.2.jar:/home/tongyun2/.m2/repository/javax/servlet/javax.servlet-api/4.0.1/javax.servlet-api-4.0.1.jar:/home/tongyun2/.m2/repository/io/netty/netty-buffer/4.1.55.Final/netty-buffer-4.1.55.Final.jar:/home/tongyun2/.m2/repository/io/netty/netty-common/4.1.55.Final/netty-common-4.1.55.Final.jar:/home/tongyun2/.m2/repository/io/netty/netty-codec/4.1.55.Final/netty-codec-4.1.55.Final.jar:/home/tongyun2/.m2/repository/io/netty/netty-codec-http/4.1.55.Final/netty-codec-http-4.1.55.Final.jar:/home/tongyun2/.m2/repository/io/netty/netty-codec-socks/4.1.55.Final/netty-codec-socks-4.1.55.Final.jar:/home/tongyun2/.m2/repository/io/netty/netty-handler/4.1.55.Final/netty-handler-4.1.55.Final.jar:/home/tongyun2/.m2/repository/io/netty/netty-resolver/4.1.55.Final/netty-resolver-4.1.55.Final.jar:/home/tongyun2/.m2/repository/io/netty/netty-handler-proxy/4.1.55.Final/netty-handler-proxy-4.1.55.Final.jar:/home/tongyun2/.m2/repository/io/netty/netty-transport/4.1.55.Final/netty-transport-4.1.55.Final.jar:/home/tongyun2/.m2/repository/com/jcraft/jzlib/1.1.3/jzlib-1.1.3.jar:/home/tongyun2/.m2/repository/com/fasterxml/uuid/java-uuid-generator/4.0.1/java-uuid-generator-4.0.1.jar:/home/tongyun2/.m2/repository/org/bouncycastle/bcprov-jdk15on/1.67/bcprov-jdk15on-1.67.jar:/home/tongyun2/.m2/repository/org/bouncycastle/bcpkix-jdk15on/1.67/bcpkix-jdk15on-1.67.jar:/home/tongyun2/.m2/repository/org/apache/velocity/velocity-engine-scripting/2.2/velocity-engine-scripting-2.2.jar:/home/tongyun2/.m2/repository/org/apache/velocity/velocity-engine-core/2.2/velocity-engine-core-2.2.jar:/home/tongyun2/.m2/repository/com/fasterxml/jackson/core/jackson-core/2.11.3/jackson-core-2.11.3.jar:/home/tongyun2/.m2/repository/com/fasterxml/jackson/core/jackson-annotations/2.11.3/jackson-annotations-2.11.3.jar:/home/tongyun2/.m2/repository/com/fasterxml/jackson/core/jackson-databind/2.11.3/jackson-databind-2.11.3.jar:/home/tongyun2/.m2/repository/net/javacrumbs/json-unit/json-unit-core/2.22.0/json-unit-core-2.22.0.jar:/home/tongyun2/.m2/repository/org/hamcrest/hamcrest-core/2.2/hamcrest-core-2.2.jar:/home/tongyun2/.m2/repository/com/github/java-json-tools/json-schema-validator/2.2.14/json-schema-validator-2.2.14.jar:/home/tongyun2/.m2/repository/com/github/java-json-tools/jackson-coreutils-equivalence/1.0/jackson-coreutils-equivalence-1.0.jar:/home/tongyun2/.m2/repository/com/github/java-json-tools/jackson-coreutils/2.0/jackson-coreutils-2.0.jar:/home/tongyun2/.m2/repository/com/github/java-json-tools/msg-simple/1.2/msg-simple-1.2.jar:/home/tongyun2/.m2/repository/com/github/java-json-tools/btf/1.3/btf-1.3.jar:/home/tongyun2/.m2/repository/com/github/java-json-tools/json-schema-core/1.2.14/json-schema-core-1.2.14.jar:/home/tongyun2/.m2/repository/com/github/java-json-tools/uri-template/0.10/uri-template-0.10.jar:/home/tongyun2/.m2/repository/org/mozilla/rhino/1.7.7.2/rhino-1.7.7.2.jar:/home/tongyun2/.m2/repository/com/sun/mail/mailapi/1.6.2/mailapi-1.6.2.jar:/home/tongyun2/.m2/repository/joda-time/joda-time/2.10.5/joda-time-2.10.5.jar:/home/tongyun2/.m2/repository/com/googlecode/libphonenumber/libphonenumber/8.11.1/libphonenumber-8.11.1.jar:/home/tongyun2/.m2/repository/com/google/code/findbugs/jsr305/3.0.2/jsr305-3.0.2.jar:/home/tongyun2/.m2/repository/net/sf/jopt-simple/jopt-simple/5.0.4/jopt-simple-5.0.4.jar:/home/tongyun2/.m2/repository/com/jayway/jsonpath/json-path/2.4.0/json-path-2.4.0.jar:/home/tongyun2/.m2/repository/net/minidev/json-smart/2.3/json-smart-2.3.jar:/home/tongyun2/.m2/repository/net/minidev/accessors-smart/1.2/accessors-smart-1.2.jar:/home/tongyun2/.m2/repository/org/ow2/asm/asm/5.0.4/asm-5.0.4.jar:/home/tongyun2/.m2/repository/io/swagger/parser/v3/swagger-parser/2.0.23/swagger-parser-2.0.23.jar:/home/tongyun2/.m2/repository/io/swagger/parser/v3/swagger-parser-v2-converter/2.0.23/swagger-parser-v2-converter-2.0.23.jar:/home/tongyun2/.m2/repository/io/swagger/swagger-core/1.6.2/swagger-core-1.6.2.jar:/home/tongyun2/.m2/repository/io/swagger/swagger-models/1.6.2/swagger-models-1.6.2.jar:/home/tongyun2/.m2/repository/io/swagger/swagger-annotations/1.6.2/swagger-annotations-1.6.2.jar:/home/tongyun2/.m2/repository/javax/validation/validation-api/1.1.0.Final/validation-api-1.1.0.Final.jar:/home/tongyun2/.m2/repository/io/swagger/swagger-parser/1.0.52/swagger-parser-1.0.52.jar:/home/tongyun2/.m2/repository/org/slf4j/slf4j-ext/1.7.28/slf4j-ext-1.7.28.jar:/home/tongyun2/.m2/repository/io/swagger/swagger-compat-spec-parser/1.0.52/swagger-compat-spec-parser-1.0.52.jar:/home/tongyun2/.m2/repository/org/apache/httpcomponents/httpclient/4.5.13/httpclient-4.5.13.jar:/home/tongyun2/.m2/repository/org/apache/httpcomponents/httpcore/4.4.13/httpcore-4.4.13.jar:/home/tongyun2/.m2/repository/commons-logging/commons-logging/1.2/commons-logging-1.2.jar:/home/tongyun2/.m2/repository/io/swagger/core/v3/swagger-models/2.1.5/swagger-models-2.1.5.jar:/home/tongyun2/.m2/repository/io/swagger/parser/v3/swagger-parser-core/2.0.23/swagger-parser-core-2.0.23.jar:/home/tongyun2/.m2/repository/io/swagger/parser/v3/swagger-parser-v3/2.0.23/swagger-parser-v3-2.0.23.jar:/home/tongyun2/.m2/repository/io/swagger/core/v3/swagger-core/2.1.5/swagger-core-2.1.5.jar:/home/tongyun2/.m2/repository/jakarta/xml/bind/jakarta.xml.bind-api/2.3.2/jakarta.xml.bind-api-2.3.2.jar:/home/tongyun2/.m2/repository/jakarta/activation/jakarta.activation-api/1.2.1/jakarta.activation-api-1.2.1.jar:/home/tongyun2/.m2/repository/com/fasterxml/jackson/datatype/jackson-datatype-jsr310/2.11.1/jackson-datatype-jsr310-2.11.1.jar:/home/tongyun2/.m2/repository/io/swagger/core/v3/swagger-annotations/2.1.5/swagger-annotations-2.1.5.jar:/home/tongyun2/.m2/repository/jakarta/validation/jakarta.validation-api/2.0.2/jakarta.validation-api-2.0.2.jar:/home/tongyun2/.m2/repository/com/fasterxml/jackson/dataformat/jackson-dataformat-yaml/2.11.1/jackson-dataformat-yaml-2.11.1.jar:/home/tongyun2/.m2/repository/org/yaml/snakeyaml/1.26/snakeyaml-1.26.jar:/home/tongyun2/.m2/repository/javax/xml/bind/jaxb-api/2.4.0-b180830.0359/jaxb-api-2.4.0-b180830.0359.jar:/home/tongyun2/.m2/repository/javax/activation/javax.activation-api/1.2.0/javax.activation-api-1.2.0.jar:/home/tongyun2/.m2/repository/org/xmlunit/xmlunit-core/2.8.1/xmlunit-core-2.8.1.jar:/home/tongyun2/.m2/repository/org/xmlunit/xmlunit-placeholders/2.8.1/xmlunit-placeholders-2.8.1.jar:/home/tongyun2/.m2/repository/org/apache/commons/commons-lang3/3.11/commons-lang3-3.11.jar:/home/tongyun2/.m2/repository/commons-io/commons-io/2.8.0/commons-io-2.8.0.jar:/home/tongyun2/.m2/repository/org/apache/commons/commons-text/1.9/commons-text-1.9.jar:/home/tongyun2/.m2/repository/com/google/guava/guava/30.0-android/guava-30.0-android.jar:/home/tongyun2/.m2/repository/com/google/guava/failureaccess/1.0.1/failureaccess-1.0.1.jar:/home/tongyun2/.m2/repository/com/google/guava/listenablefuture/9999.0-empty-to-avoid-conflict-with-guava/listenablefuture-9999.0-empty-to-avoid-conflict-with-guava.jar:/home/tongyun2/.m2/repository/org/checkerframework/checker-compat-qual/2.5.5/checker-compat-qual-2.5.5.jar:/home/tongyun2/.m2/repository/com/google/errorprone/error_prone_annotations/2.3.4/error_prone_annotations-2.3.4.jar:/home/tongyun2/.m2/repository/com/google/j2objc/j2objc-annotations/1.3/j2objc-annotations-1.3.jar:/home/tongyun2/.m2/repository/org/slf4j/slf4j-api/1.7.30/slf4j-api-1.7.30.jar:/home/tongyun2/.m2/repository/org/slf4j/slf4j-jdk14/1.7.30/slf4j-jdk14-1.7.30.jar:/home/tongyun2/.m2/repository/commons-codec/commons-codec/1.15/commons-codec-1.15.jar:/home/tongyun2/.m2/repository/junit/junit/4.13.1/junit-4.13.1.jar:/home/tongyun2/.m2/repository/org/mockito/mockito-core/3.6.28/mockito-core-3.6.28.jar:/home/tongyun2/.m2/repository/net/bytebuddy/byte-buddy/1.10.18/byte-buddy-1.10.18.jar:/home/tongyun2/.m2/repository/net/bytebuddy/byte-buddy-agent/1.10.18/byte-buddy-agent-1.10.18.jar:/home/tongyun2/.m2/repository/org/objenesis/objenesis/3.1/objenesis-3.1.jar:/home/tongyun2/.m2/repository/org/hamcrest/hamcrest/2.2/hamcrest-2.2.jar:/home/tongyun2/.m2/repository/org/springframework/spring-test/5.3.2/spring-test-5.3.2.jar:/home/tongyun2/.m2/repository/org/springframework/spring-core/5.3.2/spring-core-5.3.2.jar:/home/tongyun2/.m2/repository/org/springframework/spring-jcl/5.3.2/spring-jcl-5.3.2.jar:/home/tongyun2/.m2/repository/org/springframework/spring-web/5.3.2/spring-web-5.3.2.jar:/home/tongyun2/.m2/repository/org/springframework/spring-beans/5.3.2/spring-beans-5.3.2.jar:/home/tongyun2/.m2/repository/org/skyscreamer/jsonassert/1.5.0/jsonassert-1.5.0.jar:/home/tongyun2/.m2/repository/com/vaadin/external/google/android-json/0.0.20131108.vaadin1/android-json-0.0.20131108.vaadin1.jar:"/>
    <property name="nondexExecid" value="DRBWLKkVZBK5SEQlYRtQY3fbmQM+AjN5tpm3ajajc="/>
    <property name="sun.cpu.endian" value="little"/>
    <property name="user.home" value="/home/tongyun2"/>
    <property name="user.language" value="en"/>
    <property name="java.specification.vendor" value="Oracle Corporation"/>
    <property name="java.home" value="/usr/lib/jvm/java-8-openjdk-amd64/jre"/>
    <property name="basedir" value="/home/tongyun2/mockserver/mockserver-core"/>
    <property name="file.separator" value="/"/>
    <property name="nondexEnd" value="88"/>
    <property name="line.separator" value="&#10;"/>
    <property name="java.vm.specification.vendor" value="Oracle Corporation"/>
    <property name="java.specification.name" value="Java Platform API Specification"/>
    <property name="java.awt.graphicsenv" value="sun.awt.X11GraphicsEnvironment"/>
    <property name="nondexFilter" value=".*"/>
    <property name="nondexSeed" value="933178"/>
    <property name="surefire.real.class.path" value="/home/tongyun2/mockserver/mockserver-core/target/surefire/surefirebooter1795131446405764105.jar"/>
    <property name="sun.boot.class.path" value="/home/tongyun2/mockserver/mockserver-core/.nondex/nondex-instr.jar:/home/tongyun2/.m2/repository/edu/illinois/nondex-common/1.1.2/nondex-common-1.1.2.jar:/home/tongyun2/.m2/repository/edu/illinois/nondex-annotations/1.1.2/nondex-annotations-1.1.2.jar:/usr/lib/jvm/java-8-openjdk-amd64/jre/lib/resources.jar:/usr/lib/jvm/java-8-openjdk-amd64/jre/lib/rt.jar:/usr/lib/jvm/java-8-openjdk-amd64/jre/lib/sunrsasign.jar:/usr/lib/jvm/java-8-openjdk-amd64/jre/lib/jsse.jar:/usr/lib/jvm/java-8-openjdk-amd64/jre/lib/jce.jar:/usr/lib/jvm/java-8-openjdk-amd64/jre/lib/charsets.jar:/usr/lib/jvm/java-8-openjdk-amd64/jre/lib/jfr.jar:/usr/lib/jvm/java-8-openjdk-amd64/jre/classes"/>
    <property name="sun.management.compiler" value="HotSpot 64-Bit Tiered Compilers"/>
    <property name="java.runtime.version" value="1.8.0_292-8u292-b10-0ubuntu1~18.04-b10"/>
    <property name="user.name" value="tongyun2"/>
    <property name="path.separator" value=":"/>
    <property name="os.version" value="4.15.0-154-generic"/>
    <property name="java.endorsed.dirs" value="/usr/lib/jvm/java-8-openjdk-amd64/jre/lib/endorsed"/>
    <property name="mockserver.nioEventLoopThreadCount" value="1"/>
    <property name="mockserver.logLevel" value="ERROR"/>
    <property name="java.runtime.name" value="OpenJDK Runtime Environment"/>
    <property name="file.encoding" value="UTF-8"/>
    <property name="java.vm.name" value="OpenJDK 64-Bit Server VM"/>
    <property name="localRepository" value="/home/tongyun2/.m2/repository"/>
    <property name="nondexDir" value="/home/tongyun2/mockserver/mockserver-core/.nondex"/>
    <property name="nondexJarDir" value="/home/tongyun2/mockserver/mockserver-core/.nondex"/>
    <property name="java.vendor.url.bug" value="http://bugreport.sun.com/bugreport/"/>
    <property name="java.io.tmpdir" value="/tmp"/>
    <property name="java.version" value="1.8.0_292"/>
    <property name="user.dir" value="/home/tongyun2/mockserver/mockserver-core"/>
    <property name="os.arch" value="amd64"/>
    <property name="mockserver.disableSystemOut" value="true"/>
    <property name="nondexMode" value="FULL"/>
    <property name="java.vm.specification.name" value="Java Virtual Machine Specification"/>
    <property name="java.awt.printerjob" value="sun.print.PSPrinterJob"/>
    <property name="sun.os.patch.level" value="unknown"/>
    <property name="java.library.path" value="/usr/java/packages/lib/amd64:/usr/lib/x86_64-linux-gnu/jni:/lib/x86_64-linux-gnu:/usr/lib/x86_64-linux-gnu:/usr/lib/jni:/lib:/usr/lib"/>
    <property name="java.vm.info" value="mixed mode"/>
    <property name="java.vendor" value="Private Build"/>
    <property name="java.vm.version" value="25.292-b10"/>
    <property name="java.ext.dirs" value="/usr/lib/jvm/java-8-openjdk-amd64/jre/lib/ext:/usr/java/packages/lib/ext"/>
    <property name="sun.io.unicode.encoding" value="UnicodeLittle"/>
    <property name="java.class.version" value="52.0"/>
  </properties>
  <testcase name="doesNotMatchIncorrectKeepAliveWithExpectationAndWithoutFailFast" classname="org.mockserver.matchers.HttpRequestPropertiesMatcherLogTest" time="0.34"/>
</testsuite>